<?xml version="1.0" encoding="UTF-8"?>
<testng-results ignored="0" total="1" passed="1" failed="0" skipped="0">
  <reporter-output>
  </reporter-output>
  <suite started-at="2025-02-18T11:28:04 IST" name="Default suite" finished-at="2025-02-18T11:28:14 IST" duration-ms="10061">
    <groups>
    </groups>
    <test started-at="2025-02-18T11:28:04 IST" name="Default test" finished-at="2025-02-18T11:28:14 IST" duration-ms="10061">
      <class name="groupss.group.colorpicker">
        <test-method signature="colors()[pri:0, instance:groupss.group.colorpicker@7a8fa663]" started-at="2025-02-18T11:28:04 IST" name="colors" finished-at="2025-02-18T11:28:14 IST" duration-ms="10000" status="PASS">
          <reporter-output>
          </reporter-output>
        </test-method> <!-- colors -->
      </class> <!-- groupss.group.colorpicker -->
    </test> <!-- Default test -->
  </suite> <!-- Default suite -->
</testng-results>
