<?xml version="1.0" encoding="UTF-8"?>
<testng-results ignored="0" total="1" passed="1" failed="0" skipped="0">
  <reporter-output>
  </reporter-output>
  <suite started-at="2025-02-18T09:58:20 IST" name="Default suite" finished-at="2025-02-18T09:58:29 IST" duration-ms="9334">
    <groups>
    </groups>
    <test started-at="2025-02-18T09:58:20 IST" name="Default test" finished-at="2025-02-18T09:58:29 IST" duration-ms="9334">
      <class name="alerts.keychordpractice">
        <test-method signature="twokeysAtsametime()[pri:0, instance:alerts.keychordpractice@5357c287]" started-at="2025-02-18T09:58:20 IST" name="twokeysAtsametime" finished-at="2025-02-18T09:58:29 IST" duration-ms="9275" status="PASS">
          <reporter-output>
          </reporter-output>
        </test-method> <!-- twokeysAtsametime -->
      </class> <!-- alerts.keychordpractice -->
    </test> <!-- Default test -->
  </suite> <!-- Default suite -->
</testng-results>
